時間,場所,コマンド,エラーコード
13:33:04,flow_cam1,,0
13:33:04,flow_cam1,stop,0
13:33:04,flow_cam1,,0
13:33:04,flow_cam1,,0
13:33:04,flow_cam1,,0
13:33:04,flow_cam1,,0
13:33:04,flow_cam1,,0
13:33:05,flow_cam1,,0
13:33:05,flow_cam1,,0
13:33:05,flow_cam1,,0
13:33:05,flow_cam1,,0
13:33:05,flow_cam1,,0
13:33:05,flow_cam1,,0
13:33:05,flow_cam1,,0
13:33:05,flow_cam1,,0
13:33:05,flow_cam1,,0
13:33:05,flow_cam1,,0
13:33:06,flow_cam1,,0
13:33:06,flow_cam1,,0
13:33:06,flow_cam1,,0
13:33:06,flow_cam1,,0
13:33:06,flow_cam1,,0
13:33:06,flow_cam1,,0
13:33:06,flow_cam1,,0
13:33:06,flow_cam1,,0
13:33:06,flow_cam1,,0
13:33:06,flow_cam1,,0
13:33:07,flow_cam1,,0
13:33:07,flow_cam1,,0
13:33:07,flow_cam1,,0
13:33:07,flow_cam1,,0
13:33:07,flow_cam1,,0
13:33:07,flow_cam1,,0
13:33:07,flow_cam1,,0
13:33:07,flow_cam1,,0
13:33:07,flow_cam1,,0
13:33:07,flow_cam1,,0
13:33:08,flow_cam1,,0
13:33:08,flow_cam1,,0
13:33:08,flow_cam1,,0
13:33:08,flow_cam1,,0
13:33:08,flow_cam1,,0
13:33:08,flow_cam1,,0
13:33:08,flow_cam1,,0
13:33:08,flow_cam1,initialize,0
13:33:14,flow_cam1,save,0
13:33:14,flow_cam1,save,0
13:33:14,flow_cam1,stop,0
13:33:14,flow_cam1,,0
13:33:15,flow_cam1,,0
13:33:15,flow_cam1,,0
13:33:15,flow_cam1,,0
13:33:15,flow_cam1,,0
13:33:15,flow_cam1,,0
13:33:15,flow_cam1,,0
13:33:15,flow_cam1,,0
13:33:15,flow_cam1,,0
13:33:15,flow_cam1,,0
13:33:15,flow_cam1,,0
13:33:16,flow_cam1,,0
13:33:16,flow_cam1,,0
13:33:16,flow_cam1,stop,0
13:33:16,flow_cam1,,0
13:33:16,flow_cam1,,0
13:33:16,flow_cam1,,0
13:33:16,flow_cam1,,0
13:33:16,flow_cam1,,0
13:33:16,flow_cam1,,0
13:33:16,flow_cam1,,0
13:33:16,flow_cam1,,0
13:33:17,flow_cam1,,0
13:33:17,flow_cam1,,0
13:33:17,flow_cam1,,0
13:33:17,flow_cam1,,0
13:33:17,flow_cam1,,0
13:33:17,flow_cam1,,0
13:33:17,flow_cam1,,0
13:33:17,flow_cam1,,0
13:33:17,flow_cam1,,0
13:33:17,flow_cam1,,0
13:33:18,flow_cam1,,0
13:33:18,flow_cam1,,0
13:33:18,flow_cam1,,0
13:33:18,flow_cam1,,0
13:33:18,flow_cam1,,0
13:33:18,flow_cam1,,0
13:33:18,flow_cam1,,0
13:33:18,flow_cam1,,0
13:33:18,flow_cam1,,0
13:33:18,flow_cam1,,0
13:33:19,flow_cam1,,0
13:33:19,flow_cam1,,0
13:33:19,flow_cam1,,0
13:33:19,flow_cam1,,0
13:33:19,flow_cam1,,0
13:33:19,flow_cam1,,0
13:33:19,flow_cam1,,0
13:33:19,flow_cam1,,0
13:33:19,flow_cam1,,0
13:33:19,flow_cam1,,0
13:33:20,flow_cam1,,0
13:33:20,flow_cam1,,0
13:33:20,flow_cam1,,0
13:33:20,flow_cam1,,0
13:33:20,flow_cam1,,0
13:33:20,flow_cam1,,0
13:33:20,flow_cam1,,0
13:33:20,flow_cam1,,0
13:33:20,flow_cam1,,0
13:33:20,flow_cam1,,0
13:33:21,flow_cam1,,0
13:33:21,flow_cam1,,0
13:33:21,flow_cam1,,0
13:33:21,flow_cam1,,0
13:33:21,flow_cam1,,0
13:33:21,flow_cam1,,0
13:33:21,flow_cam1,,0
13:33:21,flow_cam1,,0
13:33:21,flow_cam1,initialize,0
13:34:37,flow_cam1,save,0
13:34:37,flow_cam1,save,0
13:34:37,flow_cam1,save,0
13:34:37,flow_cam1,stop,0
13:34:37,flow_cam1,,0
13:34:37,flow_cam1,,0
13:34:37,flow_cam1,,0
13:34:38,flow_cam1,,0
13:34:38,flow_cam1,,0
13:34:38,flow_cam1,,0
13:34:38,flow_cam1,,0
13:34:38,flow_cam1,,0
13:34:38,flow_cam1,,0
13:34:38,flow_cam1,,0
13:34:38,flow_cam1,,0
13:34:38,flow_cam1,,0
13:34:38,flow_cam1,,0
13:34:39,flow_cam1,,0
13:34:39,flow_cam1,,0
13:34:39,flow_cam1,,0
13:34:39,flow_cam1,,0
13:34:39,flow_cam1,,0
13:34:39,flow_cam1,,0
13:34:39,flow_cam1,,0
13:34:39,flow_cam1,,0
13:34:39,flow_cam1,,0
13:34:39,flow_cam1,,0
13:34:40,flow_cam1,,0
13:34:40,flow_cam1,,0
13:34:40,flow_cam1,,0
13:34:40,flow_cam1,,0
13:34:40,flow_cam1,,0
13:34:40,flow_cam1,,0
13:34:40,flow_cam1,,0
13:34:40,flow_cam1,,0
13:34:40,flow_cam1,,0
13:34:40,flow_cam1,,0
13:34:41,flow_cam1,,0
13:34:41,flow_cam1,,0
13:34:41,flow_cam1,,0
13:34:41,flow_cam1,,0
13:34:41,flow_cam1,,0
13:34:41,flow_cam1,,0
13:34:41,flow_cam1,,0
13:34:41,flow_cam1,,0
13:34:41,flow_cam1,,0
13:34:41,flow_cam1,,0
13:34:42,flow_cam1,,0
13:34:42,flow_cam1,,0
13:34:42,flow_cam1,,0
13:34:42,flow_cam1,,0
13:34:42,flow_cam1,stop,0
13:34:42,flow_cam1,,0
13:34:42,flow_cam1,,0
13:34:42,flow_cam1,,0
13:34:42,flow_cam1,,0
13:34:42,flow_cam1,,0
13:34:42,flow_cam1,,0
13:34:43,flow_cam1,,0
13:34:43,flow_cam1,,0
13:34:43,flow_cam1,,0
13:34:43,flow_cam1,,0
13:34:43,flow_cam1,,0
13:34:43,flow_cam1,,0
13:34:43,flow_cam1,,0
13:34:43,flow_cam1,,0
13:34:43,flow_cam1,,0
13:34:43,flow_cam1,,0
13:34:44,flow_cam1,,0
13:34:44,flow_cam1,,0
13:34:44,flow_cam1,,0
13:34:44,flow_cam1,,0
13:34:44,flow_cam1,,0
13:34:44,flow_cam1,,0
13:34:44,flow_cam1,,0
13:34:44,flow_cam1,,0
13:34:44,flow_cam1,,0
13:34:44,flow_cam1,,0
13:34:45,flow_cam1,,0
13:34:45,flow_cam1,,0
13:34:45,flow_cam1,initialize,0
13:45:53,flow_cam1,,0
13:45:53,flow_cam1,,0
13:45:53,flow_cam1,stop,0
13:45:53,flow_cam1,,0
13:45:53,flow_cam1,,0
13:45:53,flow_cam1,,0
13:45:54,flow_cam1,,0
13:45:54,flow_cam1,,0
13:45:54,flow_cam1,,0
13:45:54,flow_cam1,,0
13:45:54,flow_cam1,,0
13:45:54,flow_cam1,,0
13:45:54,flow_cam1,,0
13:45:54,flow_cam1,,0
13:45:54,flow_cam1,,0
13:45:55,flow_cam1,,0
13:45:55,flow_cam1,,0
13:45:55,flow_cam1,,0
13:45:55,flow_cam1,,0
13:45:55,flow_cam1,,0
13:45:55,flow_cam1,,0
13:45:55,flow_cam1,,0
13:45:55,flow_cam1,,0
13:45:55,flow_cam1,,0
13:45:55,flow_cam1,,0
13:45:56,flow_cam1,,0
13:45:56,flow_cam1,,0
13:45:56,flow_cam1,,0
13:45:56,flow_cam1,,0
13:45:56,flow_cam1,initialize,0
13:46:19,flow_cam1,,0
13:46:19,flow_cam1,,0
13:46:20,flow_cam1,,0
13:46:20,flow_cam1,,0
13:46:20,flow_cam1,,0
13:46:20,flow_cam1,,0
13:46:20,flow_cam1,,0
13:46:20,flow_cam1,,0
13:46:20,flow_cam1,,0
13:46:20,flow_cam1,,0
13:46:20,flow_cam1,,0
13:46:20,flow_cam1,initialize,0
13:50:55,flow_cam1,,0
13:50:55,flow_cam1,stop,0
13:50:55,flow_cam1,,0
13:50:56,flow_cam1,,0
13:50:56,flow_cam1,,0
13:50:56,flow_cam1,,0
13:50:56,flow_cam1,,0
13:50:56,flow_cam1,,0
13:50:56,flow_cam1,,0
13:50:56,flow_cam1,,0
13:50:56,flow_cam1,,0
13:50:56,flow_cam1,,0
13:50:57,flow_cam1,,0
13:50:57,flow_cam1,,0
13:50:57,flow_cam1,,0
13:50:57,flow_cam1,,0
13:50:57,flow_cam1,,0
13:50:57,flow_cam1,,0
13:50:57,flow_cam1,,0
13:50:57,flow_cam1,,0
13:50:57,flow_cam1,,0
13:50:57,flow_cam1,,0
13:50:58,flow_cam1,,0
13:50:58,flow_cam1,,0
13:50:58,flow_cam1,,0
13:50:58,flow_cam1,,0
13:50:58,flow_cam1,,0
13:50:58,flow_cam1,initialize,0
13:52:06,flow_cam1,,-5001
13:52:06,flow_cam1,,-5001
13:52:06,flow_cam1,stop,-5001
13:52:06,flow_cam1,,-5001
13:52:06,flow_cam1,,-5001
13:52:06,flow_cam1,,-5001
13:52:06,flow_cam1,,-5001
13:52:07,flow_cam1,,-5001
13:52:07,flow_cam1,,-5001
13:52:07,flow_cam1,,-5001
13:52:07,flow_cam1,,-5001
13:52:07,flow_cam1,,-5001
13:52:07,flow_cam1,,-5001
13:52:07,flow_cam1,,-5001
13:52:07,flow_cam1,,-5001
13:52:07,flow_cam1,,-5001
13:52:07,flow_cam1,initialize,-5001
14:59:05,flow_cam1,,-5001
14:59:06,flow_cam1,stop,-5001
14:59:06,flow_cam1,,-5001
14:59:06,flow_cam1,,-5001
14:59:06,flow_cam1,,-5001
14:59:06,flow_cam1,,-5001
14:59:06,flow_cam1,,-5001
14:59:06,flow_cam1,,-5001
14:59:06,flow_cam1,,-5001
14:59:06,flow_cam1,,-5001
14:59:07,flow_cam1,,-5001
14:59:07,flow_cam1,,-5001
14:59:07,flow_cam1,,-5001
14:59:07,flow_cam1,,-5001
14:59:07,flow_cam1,,-5001
14:59:07,flow_cam1,,-5001
14:59:07,flow_cam1,,-5001
14:59:07,flow_cam1,,-5001
14:59:07,flow_cam1,,-5001
14:59:08,flow_cam1,,-5001
14:59:08,flow_cam1,,-5001
14:59:08,flow_cam1,,-5001
14:59:08,flow_cam1,,-5001
14:59:08,flow_cam1,,-5001
14:59:08,flow_cam1,,-5001
14:59:08,flow_cam1,,-5001
14:59:08,flow_cam1,,-5001
14:59:08,flow_cam1,,-5001
14:59:09,flow_cam1,,-5001
14:59:09,flow_cam1,,-5001
14:59:09,flow_cam1,,-5001
14:59:09,flow_cam1,,-5001
14:59:09,flow_cam1,,-5001
14:59:09,flow_cam1,,-5001
14:59:09,flow_cam1,,-5001
14:59:09,flow_cam1,,-5001
14:59:09,flow_cam1,,-5001
14:59:09,flow_cam1,,-5001
14:59:10,flow_cam1,,-5001
14:59:10,flow_cam1,,-5001
14:59:10,flow_cam1,,-5001
14:59:10,flow_cam1,initialize,-5001
15:01:48,flow_cam1,,-5001
