時間,場所,コマンド,エラーコード
13:39:33,flow_pc_tcp,read,-314220
13:39:33,flow_pc_tcp,initialize,-314101
13:39:33,flow_pc_tcp,initialize,-314101
13:39:33,flow_pc_tcp,initialize,-314101
13:39:33,flow_pc_tcp,initialize,-314101
13:39:33,flow_pc_tcp,initialize,-314101
13:39:33,flow_pc_tcp,initialize,-314101
13:39:33,flow_pc_tcp,initialize,-314101
13:39:34,flow_pc_tcp,initialize,-314101
13:39:34,flow_pc_tcp,initialize,-314101
13:39:34,flow_pc_tcp,initialize,-314101
13:42:51,flow_pc_tcp,initialize,-314004
13:42:51,flow_recode,stop,-2501
13:42:51,flow_pc_tcp,initialize,-314004
13:42:51,flow_pc_tcp,initialize,-314004
13:42:52,flow_pc_tcp,initialize,-314004
13:42:52,flow_pc_tcp,initialize,-314004
13:42:52,flow_pc_tcp,initialize,-314004
13:42:52,flow_pc_tcp,initialize,-314004
13:42:53,flow_pc_tcp,initialize,-314004
13:42:53,flow_pc_tcp,initialize,-314004
13:42:53,flow_pc_tcp,initialize,-314004
13:42:53,flow_pc_tcp,initialize,-314004
13:42:54,flow_pc_tcp,initialize,-314004
13:42:54,flow_pc_tcp,initialize,-314004
13:42:54,flow_pc_tcp,initialize,-314004
13:42:55,flow_pc_tcp,initialize,-314004
13:42:55,flow_pc_tcp,initialize,-314004
13:42:55,flow_pc_tcp,initialize,-314004
13:42:55,flow_pc_tcp,initialize,-314004
13:42:55,flow_pc_tcp,initialize,-314004
13:42:56,flow_pc_tcp,initialize,-314004
13:42:56,flow_pc_tcp,initialize,-314004
13:42:56,flow_pc_tcp,initialize,-314004
13:42:56,flow_pc_tcp,initialize,-314004
13:42:57,flow_pc_tcp,initialize,-314004
13:42:57,flow_pc_tcp,initialize,-314004
13:42:57,flow_pc_tcp,initialize,-314004
13:42:57,flow_pc_tcp,initialize,-314004
13:42:57,flow_pc_tcp,initialize,-314004
13:42:58,flow_pc_tcp,initialize,-314004
13:42:58,flow_pc_tcp,initialize,-314004
13:42:58,flow_pc_tcp,initialize,-314004
13:42:58,flow_pc_tcp,initialize,-314004
13:42:59,flow_pc_tcp,initialize,-314004
13:42:59,flow_pc_tcp,initialize,-314004
13:42:59,flow_pc_tcp,initialize,-314004
13:42:59,flow_pc_tcp,initialize,-314004
13:42:59,flow_pc_tcp,initialize,-314004
13:43:00,flow_pc_tcp,initialize,-314004
13:43:00,flow_pc_tcp,initialize,-314004
13:43:00,flow_pc_tcp,initialize,-314004
13:43:00,flow_pc_tcp,initialize,-314004
13:43:01,flow_pc_tcp,initialize,-314004
13:43:01,flow_pc_tcp,initialize,-314004
13:43:01,flow_pc_tcp,initialize,-314004
13:43:01,flow_pc_tcp,initialize,-314004
13:43:02,flow_pc_tcp,initialize,-314004
13:43:02,flow_pc_tcp,initialize,-314004
13:43:02,flow_pc_tcp,initialize,-314004
13:43:02,flow_pc_tcp,initialize,-314004
13:43:02,flow_pc_tcp,initialize,-314004
13:43:03,flow_pc_tcp,initialize,-314004
13:43:03,flow_pc_tcp,initialize,-314004
13:43:03,flow_pc_tcp,initialize,-314004
13:43:03,flow_pc_tcp,initialize,-314004
13:43:04,flow_pc_tcp,initialize,-314004
13:43:04,flow_pc_tcp,initialize,-314004
13:43:04,flow_pc_tcp,initialize,-314004
13:43:04,flow_pc_tcp,initialize,-314004
13:43:04,flow_pc_tcp,initialize,-314004
13:43:05,flow_pc_tcp,initialize,-314004
13:43:05,flow_pc_tcp,initialize,-314004
13:43:05,flow_pc_tcp,initialize,-314004
13:43:05,flow_pc_tcp,initialize,-314004
13:43:06,flow_pc_tcp,initialize,-314004
13:43:06,flow_pc_tcp,initialize,-314004
13:43:06,flow_pc_tcp,initialize,-314004
13:43:06,flow_pc_tcp,initialize,-314004
13:43:06,flow_pc_tcp,initialize,-314004
13:43:07,flow_pc_tcp,initialize,-314004
13:43:07,flow_pc_tcp,initialize,-314004
13:43:07,flow_pc_tcp,initialize,-314004
13:43:07,flow_pc_tcp,initialize,-314004
13:43:08,flow_pc_tcp,initialize,-314004
13:43:08,flow_pc_tcp,initialize,-314004
13:43:08,flow_pc_tcp,initialize,-314004
13:43:08,flow_pc_tcp,initialize,-314004
13:43:08,flow_pc_tcp,initialize,-314004
13:43:09,flow_pc_tcp,initialize,-314004
13:43:09,flow_pc_tcp,initialize,-314004
13:43:09,flow_pc_tcp,initialize,-314004
13:43:09,flow_pc_tcp,initialize,-314004
13:43:10,flow_pc_tcp,initialize,-314004
13:43:10,flow_pc_tcp,initialize,-314004
13:43:10,flow_pc_tcp,initialize,-314004
13:43:10,flow_pc_tcp,initialize,-314004
13:43:11,flow_pc_tcp,initialize,-314004
13:43:11,flow_pc_tcp,initialize,-314004
13:43:11,flow_pc_tcp,initialize,-314004
13:43:11,flow_pc_tcp,initialize,-314004
13:43:11,flow_pc_tcp,initialize,-314004
13:43:12,flow_pc_tcp,initialize,-314004
13:43:12,flow_pc_tcp,initialize,-314004
13:43:12,flow_pc_tcp,initialize,-314004
13:43:12,flow_pc_tcp,initialize,-314004
13:43:13,flow_pc_tcp,initialize,-314004
13:43:13,flow_pc_tcp,initialize,-314004
13:43:13,flow_pc_tcp,initialize,-314004
13:43:13,flow_pc_tcp,initialize,-314004
13:43:13,flow_pc_tcp,initialize,-314004
13:43:14,flow_pc_tcp,initialize,-314004
13:43:14,flow_pc_tcp,initialize,-314004
13:43:14,flow_pc_tcp,initialize,-314004
13:43:14,flow_pc_tcp,initialize,-314004
13:43:15,flow_pc_tcp,initialize,-314004
13:43:15,flow_pc_tcp,initialize,-314004
13:43:15,flow_pc_tcp,initialize,-314004
13:43:15,flow_pc_tcp,initialize,-314004
13:43:15,flow_pc_tcp,initialize,-314004
13:43:16,flow_pc_tcp,initialize,-314004
13:43:16,flow_pc_tcp,initialize,-314004
13:43:16,flow_pc_tcp,initialize,-314004
13:43:16,flow_pc_tcp,initialize,-314004
13:43:17,flow_pc_tcp,initialize,-314004
13:43:17,flow_pc_tcp,initialize,-314004
13:43:17,flow_pc_tcp,initialize,-314004
13:43:17,flow_pc_tcp,initialize,-314004
13:43:18,flow_pc_tcp,initialize,-314004
13:43:18,flow_pc_tcp,initialize,-314004
13:43:18,flow_pc_tcp,initialize,-314004
13:43:18,flow_pc_tcp,initialize,-314004
13:43:18,flow_pc_tcp,initialize,-314004
13:43:19,flow_pc_tcp,initialize,-314004
13:43:19,flow_pc_tcp,initialize,-314004
13:43:19,flow_pc_tcp,initialize,-314004
13:43:19,flow_pc_tcp,initialize,-314004
13:43:20,flow_pc_tcp,initialize,-314004
13:43:20,flow_pc_tcp,initialize,-314004
13:43:20,flow_pc_tcp,initialize,-314004
13:43:20,flow_pc_tcp,initialize,-314004
13:43:20,flow_pc_tcp,initialize,-314004
13:43:21,flow_pc_tcp,initialize,-314004
13:43:21,flow_pc_tcp,initialize,-314004
13:43:21,flow_pc_tcp,initialize,-314004
13:43:21,flow_pc_tcp,initialize,-314004
13:43:22,flow_pc_tcp,initialize,-314004
13:43:22,flow_pc_tcp,initialize,-314004
13:43:22,flow_pc_tcp,initialize,-314004
13:43:22,flow_pc_tcp,initialize,-314004
13:43:23,flow_pc_tcp,initialize,-314004
13:43:23,flow_pc_tcp,initialize,-314004
13:43:23,flow_pc_tcp,initialize,-314004
13:43:23,flow_pc_tcp,initialize,-314004
13:43:23,flow_pc_tcp,initialize,-314004
13:43:24,flow_pc_tcp,initialize,-314004
13:43:24,flow_pc_tcp,initialize,-314004
13:43:24,flow_pc_tcp,initialize,-314004
13:43:24,flow_pc_tcp,initialize,-314004
13:43:25,flow_pc_tcp,initialize,-314004
13:43:25,flow_pc_tcp,initialize,-314004
13:43:25,flow_pc_tcp,initialize,-314004
13:43:25,flow_pc_tcp,initialize,-314004
13:43:26,flow_pc_tcp,initialize,-314004
13:43:26,flow_pc_tcp,initialize,-314004
13:43:26,flow_pc_tcp,initialize,-314004
13:43:26,flow_pc_tcp,initialize,-314004
13:43:26,flow_pc_tcp,initialize,-314004
13:43:27,flow_pc_tcp,initialize,-314004
13:43:27,flow_pc_tcp,initialize,-314004
13:43:27,flow_pc_tcp,initialize,-314004
13:43:27,flow_pc_tcp,initialize,-314004
13:43:28,flow_pc_tcp,initialize,-314004
13:43:28,flow_pc_tcp,initialize,-314004
13:43:28,flow_pc_tcp,initialize,-314004
13:43:28,flow_pc_tcp,initialize,-314004
13:43:28,flow_pc_tcp,initialize,-314004
13:43:29,flow_pc_tcp,initialize,-314004
13:43:29,flow_pc_tcp,initialize,-314004
13:43:29,flow_pc_tcp,initialize,-314004
13:43:29,flow_pc_tcp,initialize,-314004
13:43:30,flow_pc_tcp,initialize,-314004
13:43:30,flow_pc_tcp,initialize,-314004
13:43:30,flow_pc_tcp,initialize,-314004
13:43:30,flow_pc_tcp,initialize,-314004
13:43:30,flow_pc_tcp,initialize,-314004
13:43:31,flow_pc_tcp,initialize,-314004
13:43:31,flow_pc_tcp,initialize,-314004
13:43:31,flow_pc_tcp,initialize,-314004
13:43:31,flow_pc_tcp,initialize,-314004
13:43:32,flow_pc_tcp,initialize,-314004
13:43:32,flow_pc_tcp,initialize,-314004
13:43:32,flow_pc_tcp,initialize,-314004
13:43:32,flow_pc_tcp,initialize,-314004
13:43:33,flow_pc_tcp,initialize,-314004
13:43:33,flow_pc_tcp,initialize,-314004
13:43:34,flow_pc_tcp,initialize,-314004
13:43:34,flow_pc_tcp,initialize,-314004
13:43:34,flow_pc_tcp,initialize,-314004
13:43:34,flow_pc_tcp,initialize,-314004
13:43:35,flow_pc_tcp,initialize,-314004
13:43:35,flow_pc_tcp,initialize,-314004
13:43:35,flow_pc_tcp,initialize,-314004
13:43:35,flow_pc_tcp,initialize,-314004
13:43:35,flow_pc_tcp,initialize,-314004
13:43:36,flow_pc_tcp,initialize,-314004
13:43:36,flow_pc_tcp,initialize,-314004
13:43:36,flow_pc_tcp,initialize,-314004
13:43:36,flow_pc_tcp,initialize,-314004
13:43:37,flow_pc_tcp,initialize,-314004
13:43:37,flow_pc_tcp,initialize,-314004
13:43:37,flow_pc_tcp,initialize,-314004
13:43:37,flow_pc_tcp,initialize,-314004
13:43:37,flow_pc_tcp,initialize,-314004
13:43:38,flow_pc_tcp,initialize,-314004
13:43:38,flow_pc_tcp,initialize,-314004
13:43:38,flow_pc_tcp,initialize,-314004
13:43:38,flow_pc_tcp,initialize,-314004
13:43:39,flow_pc_tcp,initialize,-314004
13:43:39,flow_pc_tcp,initialize,-314004
13:43:39,flow_pc_tcp,initialize,-314004
13:43:39,flow_pc_tcp,initialize,-314004
13:43:39,flow_pc_tcp,initialize,-314004
13:43:40,flow_pc_tcp,initialize,-314004
13:43:40,flow_pc_tcp,initialize,-314004
13:43:40,flow_pc_tcp,initialize,-314004
13:43:40,flow_pc_tcp,initialize,-314004
13:43:41,flow_pc_tcp,initialize,-314004
13:43:41,flow_pc_tcp,initialize,-314004
13:43:41,flow_pc_tcp,initialize,-314004
13:43:41,flow_pc_tcp,initialize,-314004
13:43:42,flow_pc_tcp,initialize,-314004
13:43:42,flow_pc_tcp,initialize,-314004
13:43:42,flow_pc_tcp,initialize,-314004
13:43:42,flow_pc_tcp,initialize,-314004
13:43:42,flow_pc_tcp,initialize,-314004
13:43:43,flow_pc_tcp,initialize,-314004
13:43:43,flow_pc_tcp,initialize,-314004
13:43:43,flow_pc_tcp,initialize,-314004
13:43:43,flow_pc_tcp,initialize,-314004
13:43:44,flow_pc_tcp,initialize,-314004
13:43:44,flow_pc_tcp,initialize,-314004
13:43:44,flow_pc_tcp,initialize,-314004
13:43:44,flow_pc_tcp,initialize,-314004
13:43:45,flow_pc_tcp,initialize,-314004
13:43:45,flow_pc_tcp,initialize,-314004
13:43:45,flow_pc_tcp,initialize,-314004
13:43:45,flow_pc_tcp,initialize,-314004
13:43:45,flow_pc_tcp,initialize,-314004
13:43:46,flow_pc_tcp,initialize,-314004
13:43:46,flow_pc_tcp,initialize,-314004
13:43:46,flow_pc_tcp,initialize,-314004
13:43:46,flow_pc_tcp,initialize,-314004
13:43:47,flow_pc_tcp,initialize,-314004
13:43:47,flow_pc_tcp,initialize,-314004
13:43:47,flow_pc_tcp,initialize,-314004
13:43:47,flow_pc_tcp,initialize,-314004
13:43:47,flow_pc_tcp,initialize,-314004
13:43:48,flow_pc_tcp,initialize,-314004
13:43:48,flow_pc_tcp,initialize,-314004
13:43:48,flow_pc_tcp,initialize,-314004
13:43:48,flow_pc_tcp,initialize,-314004
13:43:49,flow_pc_tcp,initialize,-314004
13:43:49,flow_pc_tcp,initialize,-314004
13:43:49,flow_pc_tcp,initialize,-314004
13:43:49,flow_pc_tcp,initialize,-314004
13:43:49,flow_pc_tcp,initialize,-314004
13:43:50,flow_pc_tcp,initialize,-314004
13:43:50,flow_pc_tcp,initialize,-314004
13:43:50,flow_pc_tcp,initialize,-314004
13:43:50,flow_pc_tcp,initialize,-314004
13:43:51,flow_pc_tcp,initialize,-314004
13:43:51,flow_pc_tcp,initialize,-314004
13:43:51,flow_pc_tcp,initialize,-314004
13:43:51,flow_pc_tcp,initialize,-314004
13:43:51,flow_pc_tcp,initialize,-314004
13:43:52,flow_pc_tcp,initialize,-314004
13:43:52,flow_pc_tcp,initialize,-314004
13:43:52,flow_pc_tcp,initialize,-314004
13:43:52,flow_pc_tcp,initialize,-314004
13:43:53,flow_pc_tcp,initialize,-314004
13:43:53,flow_pc_tcp,initialize,-314004
13:43:53,flow_pc_tcp,initialize,-314004
13:43:53,flow_pc_tcp,initialize,-314004
13:43:53,flow_pc_tcp,initialize,-314004
13:43:54,flow_pc_tcp,initialize,-314004
13:43:54,flow_pc_tcp,initialize,-314004
13:43:54,flow_pc_tcp,initialize,-314004
13:43:54,flow_pc_tcp,initialize,-314004
13:43:55,flow_pc_tcp,initialize,-314004
13:43:55,flow_pc_tcp,initialize,-314004
13:43:55,flow_pc_tcp,initialize,-314004
13:43:55,flow_pc_tcp,initialize,-314004
13:43:55,flow_pc_tcp,initialize,-314004
13:43:56,flow_pc_tcp,initialize,-314004
13:43:56,flow_pc_tcp,initialize,-314004
13:43:56,flow_pc_tcp,initialize,-314004
13:43:56,flow_pc_tcp,initialize,-314004
13:43:57,flow_pc_tcp,initialize,-314004
13:43:57,flow_pc_tcp,initialize,-314004
13:43:57,flow_pc_tcp,initialize,-314004
13:43:57,flow_pc_tcp,initialize,-314004
13:43:57,flow_pc_tcp,initialize,-314004
13:43:58,flow_pc_tcp,initialize,-314004
13:43:58,flow_pc_tcp,initialize,-314004
13:43:58,flow_pc_tcp,initialize,-314004
13:43:58,flow_pc_tcp,initialize,-314004
13:43:59,flow_pc_tcp,initialize,-314004
13:43:59,flow_pc_tcp,initialize,-314004
13:43:59,flow_pc_tcp,initialize,-314004
13:43:59,flow_pc_tcp,initialize,-314004
13:43:59,flow_pc_tcp,initialize,-314004
13:44:00,flow_pc_tcp,initialize,-314004
13:44:00,flow_pc_tcp,initialize,-314004
13:44:00,flow_pc_tcp,initialize,-314004
13:44:00,flow_pc_tcp,initialize,-314004
13:44:01,flow_pc_tcp,initialize,-314004
13:44:01,flow_pc_tcp,initialize,-314004
13:44:01,flow_pc_tcp,initialize,-314004
13:44:01,flow_pc_tcp,initialize,-314004
13:44:02,flow_pc_tcp,initialize,-314004
13:44:02,flow_pc_tcp,initialize,-314004
13:44:02,flow_pc_tcp,initialize,-314004
13:44:02,flow_pc_tcp,initialize,-314004
13:44:02,flow_pc_tcp,initialize,-314004
13:44:03,flow_pc_tcp,initialize,-314004
13:44:03,flow_pc_tcp,initialize,-314004
13:44:03,flow_pc_tcp,initialize,-314004
13:44:03,flow_pc_tcp,initialize,-314004
13:44:04,flow_pc_tcp,initialize,-314004
13:44:04,flow_pc_tcp,initialize,-314004
13:44:04,flow_pc_tcp,initialize,-314004
13:44:04,flow_pc_tcp,initialize,-314004
13:44:04,flow_pc_tcp,initialize,-314004
13:44:05,flow_pc_tcp,initialize,-314004
13:44:05,flow_pc_tcp,initialize,-314004
13:44:05,flow_pc_tcp,initialize,-314004
13:44:05,flow_pc_tcp,initialize,-314004
13:44:06,flow_pc_tcp,initialize,-314004
13:44:06,flow_pc_tcp,initialize,-314004
13:44:06,flow_pc_tcp,initialize,-314004
13:44:06,flow_pc_tcp,initialize,-314004
13:44:06,flow_pc_tcp,initialize,-314004
13:44:07,flow_pc_tcp,initialize,-314004
13:44:07,flow_pc_tcp,initialize,-314004
13:48:44,flow_pc_tcp,read,-314220
13:48:44,flow_pc_tcp,initialize,-314101
13:48:44,flow_pc_tcp,initialize,-314101
13:48:45,flow_pc_tcp,initialize,-314101
13:48:45,flow_pc_tcp,initialize,-314101
13:48:45,flow_pc_tcp,initialize,-314101
13:48:45,flow_pc_tcp,initialize,-314101
13:48:45,flow_pc_tcp,initialize,-314101
13:48:45,flow_pc_tcp,initialize,-314101
13:48:45,flow_pc_tcp,initialize,-314101
13:48:45,flow_pc_tcp,initialize,-314101
13:48:45,flow_pc_tcp,initialize,-314101
13:48:46,flow_pc_tcp,initialize,-314101
13:48:46,flow_pc_tcp,initialize,-314101
13:48:46,flow_pc_tcp,initialize,-314101
13:48:46,flow_pc_tcp,initialize,-314101
13:48:46,flow_pc_tcp,initialize,-314101
13:48:46,flow_pc_tcp,initialize,-314101
13:48:46,flow_pc_tcp,initialize,-314101
13:48:46,flow_pc_tcp,initialize,-314101
13:48:46,flow_pc_tcp,initialize,-314101
13:48:47,flow_pc_tcp,initialize,-314101
13:48:47,flow_pc_tcp,initialize,-314101
13:48:47,flow_pc_tcp,initialize,-314101
13:48:47,flow_pc_tcp,initialize,-314101
13:48:47,flow_pc_tcp,initialize,-314101
13:48:47,flow_pc_tcp,initialize,-314101
13:48:47,flow_recode,stop,-2501
13:48:47,flow_pc_tcp,initialize,-314101
13:48:47,flow_pc_tcp,initialize,-314101
13:48:47,flow_pc_tcp,initialize,-314101
13:48:48,flow_pc_tcp,initialize,-314101
13:48:48,flow_pc_tcp,initialize,-314101
13:48:48,flow_pc_tcp,initialize,-314101
13:48:48,flow_pc_tcp,initialize,-314101
13:48:48,flow_pc_tcp,initialize,-314101
13:48:48,flow_pc_tcp,initialize,-314101
13:48:48,flow_pc_tcp,initialize,-314101
13:48:48,flow_pc_tcp,initialize,-314101
13:48:48,flow_pc_tcp,initialize,-314101
13:48:49,flow_pc_tcp,initialize,-314101
13:48:49,flow_pc_tcp,initialize,-314101
13:48:49,flow_pc_tcp,initialize,-314101
13:48:49,flow_pc_tcp,initialize,-314101
13:48:49,flow_pc_tcp,initialize,-314101
13:48:49,flow_pc_tcp,initialize,-314101
13:48:49,flow_pc_tcp,initialize,-314101
13:48:49,flow_pc_tcp,initialize,-314101
13:48:49,flow_pc_tcp,initialize,-314101
13:48:50,flow_pc_tcp,initialize,-314101
13:48:50,flow_pc_tcp,initialize,-314101
13:48:50,flow_pc_tcp,initialize,-314101
13:48:50,flow_pc_tcp,initialize,-314101
13:48:50,flow_pc_tcp,initialize,-314101
13:48:50,flow_pc_tcp,initialize,-314101
13:48:50,flow_pc_tcp,initialize,-314101
13:48:50,flow_pc_tcp,initialize,-314101
13:48:50,flow_pc_tcp,initialize,-314101
13:48:51,flow_pc_tcp,initialize,-314101
13:48:51,flow_pc_tcp,initialize,-314101
13:48:51,flow_pc_tcp,initialize,-314101
13:48:51,flow_pc_tcp,initialize,-314101
13:48:51,flow_pc_tcp,initialize,-314101
13:48:51,flow_pc_tcp,initialize,-314101
13:48:51,flow_pc_tcp,initialize,-314101
13:48:51,flow_pc_tcp,initialize,-314101
13:48:51,flow_pc_tcp,initialize,-314101
13:48:52,flow_pc_tcp,initialize,-314101
13:48:52,flow_pc_tcp,initialize,-314101
13:48:52,flow_pc_tcp,initialize,-314101
13:48:52,flow_pc_tcp,initialize,-314101
13:48:52,flow_pc_tcp,initialize,-314101
13:48:52,flow_pc_tcp,initialize,-314101
13:48:52,flow_pc_tcp,initialize,-314101
13:48:52,flow_pc_tcp,initialize,-314101
13:48:52,flow_pc_tcp,initialize,-314101
13:48:53,flow_pc_tcp,initialize,-314101
13:48:53,flow_pc_tcp,initialize,-314101
13:48:53,flow_pc_tcp,initialize,-314101
13:48:53,flow_pc_tcp,initialize,-314101
13:48:53,flow_pc_tcp,initialize,-314101
13:48:53,flow_pc_tcp,initialize,-314101
13:48:53,flow_pc_tcp,initialize,-314101
13:48:53,flow_pc_tcp,initialize,-314101
13:48:53,flow_pc_tcp,initialize,-314101
13:48:54,flow_pc_tcp,initialize,-314101
13:48:54,flow_pc_tcp,initialize,-314101
13:48:54,flow_pc_tcp,initialize,-314101
13:48:54,flow_pc_tcp,initialize,-314101
13:48:54,flow_pc_tcp,initialize,-314101
13:48:54,flow_pc_tcp,initialize,-314101
13:48:54,flow_pc_tcp,initialize,-314101
13:48:54,flow_pc_tcp,initialize,-314101
13:48:55,flow_pc_tcp,initialize,-314101
13:48:55,flow_pc_tcp,initialize,-314101
13:48:55,flow_pc_tcp,initialize,-314101
13:48:55,flow_pc_tcp,initialize,-314101
13:48:55,flow_pc_tcp,initialize,-314101
13:48:55,flow_pc_tcp,initialize,-314101
13:48:55,flow_pc_tcp,initialize,-314101
13:48:55,flow_pc_tcp,initialize,-314101
13:48:55,flow_pc_tcp,initialize,-314101
13:48:56,flow_pc_tcp,initialize,-314101
13:48:56,flow_pc_tcp,initialize,-314101
13:48:56,flow_pc_tcp,initialize,-314101
13:48:56,flow_pc_tcp,initialize,-314101
13:48:56,flow_pc_tcp,initialize,-314101
13:48:56,flow_pc_tcp,initialize,-314101
13:48:56,flow_pc_tcp,initialize,-314101
13:48:56,flow_pc_tcp,initialize,-314101
13:48:56,flow_pc_tcp,initialize,-314101
13:48:57,flow_pc_tcp,initialize,-314101
13:48:57,flow_pc_tcp,initialize,-314101
13:48:57,flow_pc_tcp,initialize,-314101
13:48:57,flow_pc_tcp,initialize,-314101
13:48:57,flow_pc_tcp,initialize,-314101
13:48:57,flow_pc_tcp,initialize,-314101
13:48:57,flow_pc_tcp,initialize,-314101
13:48:57,flow_pc_tcp,initialize,-314101
13:48:57,flow_pc_tcp,initialize,-314101
13:48:58,flow_pc_tcp,initialize,-314101
13:48:58,flow_pc_tcp,initialize,-314101
13:48:58,flow_pc_tcp,initialize,-314101
13:48:58,flow_pc_tcp,initialize,-314101
13:48:58,flow_pc_tcp,initialize,-314101
13:48:58,flow_pc_tcp,initialize,-314101
13:48:58,flow_pc_tcp,initialize,-314101
13:48:58,flow_pc_tcp,initialize,-314101
13:48:58,flow_pc_tcp,initialize,-314101
13:48:59,flow_pc_tcp,initialize,-314101
13:48:59,flow_pc_tcp,initialize,-314101
13:48:59,flow_pc_tcp,initialize,-314101
13:48:59,flow_pc_tcp,initialize,-314101
13:48:59,flow_pc_tcp,initialize,-314101
13:48:59,flow_pc_tcp,initialize,-314101
13:48:59,flow_pc_tcp,initialize,-314101
13:48:59,flow_pc_tcp,initialize,-314101
13:48:59,flow_pc_tcp,initialize,-314101
13:49:00,flow_pc_tcp,initialize,-314101
13:49:00,flow_pc_tcp,initialize,-314101
13:49:00,flow_pc_tcp,initialize,-314101
13:49:00,flow_pc_tcp,initialize,-314101
13:49:00,flow_pc_tcp,initialize,-314101
13:49:00,flow_pc_tcp,initialize,-314101
13:49:00,flow_pc_tcp,initialize,-314101
13:49:00,flow_pc_tcp,initialize,-314101
13:49:00,flow_pc_tcp,initialize,-314101
13:49:01,flow_pc_tcp,initialize,-314101
13:49:01,flow_pc_tcp,initialize,-314101
13:49:01,flow_pc_tcp,initialize,-314101
13:49:01,flow_pc_tcp,initialize,-314101
13:49:01,flow_pc_tcp,initialize,-314101
13:49:01,flow_pc_tcp,initialize,-314101
13:49:01,flow_pc_tcp,initialize,-314101
13:49:01,flow_pc_tcp,initialize,-314101
13:49:01,flow_pc_tcp,initialize,-314101
13:49:02,flow_pc_tcp,initialize,-314101
13:49:02,flow_pc_tcp,initialize,-314101
13:49:02,flow_pc_tcp,initialize,-314101
13:49:02,flow_pc_tcp,initialize,-314101
13:49:02,flow_pc_tcp,initialize,-314101
13:49:02,flow_pc_tcp,initialize,-314101
13:49:02,flow_pc_tcp,initialize,-314101
13:49:02,flow_pc_tcp,initialize,-314101
13:49:02,flow_pc_tcp,initialize,-314101
13:49:03,flow_pc_tcp,initialize,-314101
13:49:03,flow_pc_tcp,initialize,-314101
13:49:03,flow_pc_tcp,initialize,-314101
13:49:03,flow_pc_tcp,initialize,-314101
13:49:03,flow_pc_tcp,initialize,-314101
13:49:03,flow_pc_tcp,initialize,-314101
13:49:03,flow_pc_tcp,initialize,-314101
13:49:03,flow_pc_tcp,initialize,-314101
13:49:03,flow_pc_tcp,initialize,-314101
13:49:04,flow_pc_tcp,initialize,-314101
13:49:04,flow_pc_tcp,initialize,-314101
13:49:04,flow_pc_tcp,initialize,-314101
13:49:04,flow_pc_tcp,initialize,-314101
13:49:04,flow_pc_tcp,initialize,-314101
13:49:04,flow_pc_tcp,initialize,-314101
13:49:04,flow_pc_tcp,initialize,-314101
13:49:04,flow_pc_tcp,initialize,-314101
13:49:04,flow_pc_tcp,initialize,-314101
13:49:05,flow_pc_tcp,initialize,-314101
13:49:05,flow_pc_tcp,initialize,-314101
13:49:05,flow_pc_tcp,initialize,-314101
13:49:05,flow_pc_tcp,initialize,-314101
13:49:05,flow_pc_tcp,initialize,-314101
13:49:05,flow_pc_tcp,initialize,-314101
13:49:05,flow_pc_tcp,initialize,-314101
13:49:05,flow_pc_tcp,initialize,-314101
13:49:06,flow_pc_tcp,initialize,-314101
13:49:06,flow_pc_tcp,initialize,-314101
13:49:06,flow_pc_tcp,initialize,-314101
13:49:06,flow_pc_tcp,initialize,-314101
13:49:06,flow_pc_tcp,initialize,-314101
13:49:06,flow_pc_tcp,initialize,-314101
13:49:06,flow_pc_tcp,initialize,-314101
13:49:06,flow_pc_tcp,initialize,-314101
13:49:06,flow_pc_tcp,initialize,-314101
13:49:07,flow_pc_tcp,initialize,-314101
13:49:07,flow_pc_tcp,initialize,-314101
13:49:07,flow_pc_tcp,initialize,-314101
13:49:07,flow_pc_tcp,initialize,-314101
13:49:07,flow_pc_tcp,initialize,-314101
13:49:07,flow_pc_tcp,initialize,-314101
13:49:07,flow_pc_tcp,initialize,-314101
13:49:07,flow_pc_tcp,initialize,-314101
13:49:07,flow_pc_tcp,initialize,-314101
13:49:08,flow_pc_tcp,initialize,-314101
13:49:08,flow_pc_tcp,initialize,-314101
13:49:08,flow_pc_tcp,initialize,-314101
13:49:08,flow_pc_tcp,initialize,-314101
13:49:08,flow_pc_tcp,initialize,-314101
13:49:08,flow_pc_tcp,initialize,-314101
13:49:08,flow_pc_tcp,initialize,-314101
13:49:08,flow_pc_tcp,initialize,-314101
13:49:08,flow_pc_tcp,initialize,-314101
13:49:09,flow_pc_tcp,initialize,-314101
13:49:09,flow_pc_tcp,initialize,-314101
13:49:09,flow_pc_tcp,initialize,-314101
13:49:09,flow_pc_tcp,initialize,-314101
13:49:09,flow_pc_tcp,initialize,-314101
13:49:09,flow_pc_tcp,initialize,-314101
13:49:09,flow_pc_tcp,initialize,-314101
13:49:09,flow_pc_tcp,initialize,-314101
13:49:10,flow_pc_tcp,initialize,-314101
13:49:10,flow_pc_tcp,initialize,-314101
13:49:10,flow_pc_tcp,initialize,-314101
13:49:10,flow_pc_tcp,initialize,-314101
13:49:10,flow_pc_tcp,initialize,-314101
13:49:10,flow_pc_tcp,initialize,-314101
13:49:10,flow_pc_tcp,initialize,-314101
13:49:10,flow_pc_tcp,initialize,-314101
13:49:10,flow_pc_tcp,initialize,-314101
13:49:11,flow_pc_tcp,initialize,-314101
13:49:11,flow_pc_tcp,initialize,-314101
13:49:11,flow_pc_tcp,initialize,-314101
13:49:11,flow_pc_tcp,initialize,-314101
13:49:11,flow_pc_tcp,initialize,-314101
13:49:11,flow_pc_tcp,initialize,-314101
13:49:11,flow_pc_tcp,initialize,-314101
13:49:11,flow_pc_tcp,initialize,-314101
13:49:11,flow_pc_tcp,initialize,-314101
13:49:12,flow_pc_tcp,initialize,-314101
13:49:12,flow_pc_tcp,initialize,-314101
13:49:12,flow_pc_tcp,initialize,-314101
13:49:12,flow_pc_tcp,initialize,-314101
13:49:12,flow_pc_tcp,initialize,-314101
13:49:12,flow_pc_tcp,initialize,-314101
13:49:12,flow_pc_tcp,initialize,-314101
13:49:12,flow_pc_tcp,initialize,-314101
13:49:13,flow_pc_tcp,initialize,-314101
13:49:13,flow_pc_tcp,initialize,-314101
13:49:13,flow_pc_tcp,initialize,-314101
13:49:13,flow_pc_tcp,initialize,-314101
13:49:13,flow_pc_tcp,initialize,-314101
13:49:13,flow_pc_tcp,initialize,-314101
13:49:13,flow_pc_tcp,initialize,-314101
13:49:13,flow_pc_tcp,initialize,-314101
13:49:14,flow_pc_tcp,initialize,-314101
13:49:14,flow_pc_tcp,initialize,-314101
13:49:14,flow_pc_tcp,initialize,-314101
13:49:14,flow_pc_tcp,initialize,-314101
13:49:14,flow_pc_tcp,initialize,-314101
13:49:14,flow_pc_tcp,initialize,-314101
13:49:14,flow_pc_tcp,initialize,-314101
13:49:14,flow_pc_tcp,initialize,-314101
13:49:14,flow_pc_tcp,initialize,-314101
13:49:15,flow_pc_tcp,initialize,-314101
13:49:15,flow_pc_tcp,initialize,-314101
13:49:15,flow_pc_tcp,initialize,-314101
13:49:15,flow_pc_tcp,initialize,-314101
13:49:15,flow_pc_tcp,initialize,-314101
13:49:15,flow_pc_tcp,initialize,-314101
13:49:15,flow_pc_tcp,initialize,-314101
13:49:15,flow_pc_tcp,initialize,-314101
13:49:15,flow_pc_tcp,initialize,-314101
13:49:16,flow_pc_tcp,initialize,-314101
13:49:16,flow_pc_tcp,initialize,-314101
13:49:21,,initialize,1
13:49:21,,initialize,1
13:49:21,flow_recode,stop,-2501
13:49:21,,initialize,1
13:49:21,,initialize,1
13:49:22,,initialize,1
13:49:22,,initialize,1
13:49:22,,initialize,1
13:49:22,,initialize,1
13:49:22,,initialize,1
13:49:22,,initialize,1
13:49:22,,initialize,1
13:49:22,,initialize,1
13:49:22,,initialize,1
13:49:22,,initialize,1
13:49:23,,initialize,1
13:49:23,,initialize,1
13:49:23,,initialize,1
13:49:23,,initialize,1
13:49:23,,initialize,1
13:49:23,,initialize,1
13:49:23,,initialize,1
13:49:23,,initialize,1
13:49:23,,initialize,1
13:49:23,,initialize,1
13:49:24,,initialize,1
13:49:24,,initialize,1
13:49:24,,initialize,1
13:49:24,,initialize,1
13:49:24,,initialize,1
13:49:24,,initialize,1
13:49:24,,initialize,1
13:49:24,,initialize,1
13:49:24,,initialize,1
13:49:25,,initialize,1
13:49:25,,initialize,1
13:49:25,,initialize,1
13:49:25,,initialize,1
13:49:25,,initialize,1
13:49:25,,initialize,1
13:49:25,,initialize,1
13:49:25,,initialize,1
13:49:25,,initialize,1
13:49:25,,initialize,1
13:49:26,,initialize,1
13:49:26,,initialize,1
13:49:26,,initialize,1
13:49:26,,initialize,1
13:49:26,,initialize,1
13:49:26,,initialize,1
13:49:26,,initialize,1
13:49:26,,initialize,1
13:49:26,,initialize,1
13:49:26,,initialize,1
13:49:27,,initialize,1
13:49:27,,initialize,1
13:49:27,,initialize,1
13:49:27,,initialize,1
13:49:27,,initialize,1
13:49:27,,initialize,1
13:49:27,,initialize,1
13:49:27,,initialize,1
13:49:27,,initialize,1
13:49:28,,initialize,1
13:49:28,,initialize,1
13:49:28,,initialize,1
13:49:28,,initialize,1
13:49:28,,initialize,1
13:49:28,,initialize,1
13:49:28,,initialize,1
13:49:28,,initialize,1
13:49:28,,initialize,1
13:49:28,,initialize,1
13:49:29,,initialize,1
13:49:29,,initialize,1
13:49:29,,initialize,1
13:49:29,,initialize,1
13:49:29,,initialize,1
13:49:29,,initialize,1
13:49:29,,initialize,1
13:49:29,,initialize,1
13:49:29,,initialize,1
13:49:29,,initialize,1
13:49:30,,initialize,1
13:49:30,,initialize,1
13:49:30,,initialize,1
13:49:30,,initialize,1
13:49:30,,initialize,1
13:49:30,,initialize,1
13:49:30,,initialize,1
13:49:30,,initialize,1
13:49:30,,initialize,1
13:49:31,,initialize,1
13:49:31,,initialize,1
13:49:31,,initialize,1
13:49:31,,initialize,1
13:49:31,,initialize,1
13:49:31,,initialize,1
13:49:31,,initialize,1
13:49:31,,initialize,1
13:49:31,,initialize,1
13:49:31,,initialize,1
13:49:32,,initialize,1
13:49:32,,initialize,1
13:49:32,,initialize,1
13:49:32,,initialize,1
13:49:32,,initialize,1
13:49:32,,initialize,1
13:49:32,,initialize,1
13:49:32,,initialize,1
13:49:32,,initialize,1
13:49:32,,initialize,1
13:49:33,,initialize,1
13:49:33,,initialize,1
13:49:33,,initialize,1
13:49:33,,initialize,1
13:49:36,,initialize,1
13:49:36,,initialize,1
13:49:36,,initialize,1
13:49:36,,initialize,1
13:49:36,,initialize,1
13:49:36,,initialize,1
13:49:37,,initialize,1
13:49:37,,initialize,1
13:49:37,,initialize,1
13:49:37,,initialize,1
13:49:37,,initialize,1
13:49:37,,initialize,1
13:49:37,,initialize,1
13:49:37,,initialize,1
13:49:37,,initialize,1
13:49:37,,initialize,1
13:49:38,,initialize,1
13:49:38,,initialize,1
13:49:38,,initialize,1
13:49:38,,initialize,1
13:49:38,,initialize,1
13:49:38,,initialize,1
13:49:38,,initialize,1
13:49:38,,initialize,1
13:49:38,,initialize,1
13:49:38,,initialize,1
13:49:39,,initialize,1
13:49:39,,initialize,1
13:49:39,,initialize,1
13:49:39,,initialize,1
13:49:39,,initialize,1
13:49:39,,initialize,1
13:49:39,,initialize,1
13:49:39,,initialize,1
13:49:39,,initialize,1
13:49:40,,initialize,1
13:49:40,,initialize,1
13:49:40,,initialize,1
13:49:40,,initialize,1
13:49:40,,initialize,1
13:49:40,,initialize,1
13:49:40,,initialize,1
13:49:40,,initialize,1
13:49:40,,initialize,1
13:49:40,,initialize,1
13:49:41,,initialize,1
13:49:41,,initialize,1
13:49:41,,initialize,1
13:49:41,flow_recode,stop,-2501
13:49:41,,initialize,1
13:49:41,,initialize,1
13:49:41,,initialize,1
13:49:41,,initialize,1
13:49:41,,initialize,1
13:49:41,,initialize,1
13:49:42,,initialize,1
13:49:42,,initialize,1
13:49:42,,initialize,1
13:49:42,,initialize,1
13:49:42,,initialize,1
13:49:42,,initialize,1
13:49:42,,initialize,1
13:49:42,,initialize,1
13:49:42,,initialize,1
13:49:42,,initialize,1
13:49:43,,initialize,1
13:49:43,,initialize,1
13:49:43,,initialize,1
13:49:43,,initialize,1
13:49:43,,initialize,1
13:49:43,,initialize,1
13:49:43,,initialize,1
13:49:43,,initialize,1
13:49:43,,initialize,1
13:49:43,,initialize,1
13:49:44,,initialize,1
13:49:44,,initialize,1
13:49:44,,initialize,1
13:49:44,,initialize,1
13:49:44,,initialize,1
13:49:44,,initialize,1
13:49:44,,initialize,1
13:49:44,,initialize,1
13:49:44,,initialize,1
13:49:45,,initialize,1
13:49:45,,initialize,1
13:49:45,,initialize,1
13:49:45,,initialize,1
13:49:45,,initialize,1
13:49:45,,initialize,1
13:49:45,,initialize,1
13:49:45,,initialize,1
13:49:45,,initialize,1
13:49:46,,initialize,1
13:49:46,,initialize,1
13:49:46,,initialize,1
13:49:46,,initialize,1
13:49:46,,initialize,1
13:49:46,,initialize,1
13:49:46,,initialize,1
13:49:46,,initialize,1
13:49:46,,initialize,1
13:49:46,,initialize,1
13:49:47,,initialize,1
13:49:47,,initialize,1
13:49:47,,initialize,1
13:49:47,,initialize,1
13:49:47,,initialize,1
13:49:47,,initialize,1
13:49:47,,initialize,1
13:49:47,,initialize,1
13:49:47,,initialize,1
13:49:48,,initialize,1
13:49:48,,initialize,1
13:49:48,,initialize,1
13:49:48,,initialize,1
13:49:48,,initialize,1
13:49:48,,initialize,1
13:49:48,,initialize,1
13:49:48,,initialize,1
13:49:48,,initialize,1
13:49:48,,initialize,1
13:49:49,,initialize,1
13:49:49,,initialize,1
13:49:49,,initialize,1
13:49:49,,initialize,1
13:49:49,,initialize,1
13:49:49,,initialize,1
13:49:49,,initialize,1
13:49:49,,initialize,1
13:49:49,,initialize,1
13:49:50,,initialize,1
13:49:50,,initialize,1
13:49:50,,initialize,1
13:49:50,,initialize,1
13:49:50,,initialize,1
13:49:50,,initialize,1
13:49:50,,initialize,1
13:49:50,,initialize,1
13:49:50,,initialize,1
13:49:51,,initialize,1
13:49:51,,initialize,1
13:49:51,,initialize,1
13:49:51,,initialize,1
13:49:51,,initialize,1
13:49:51,,initialize,1
13:49:51,,initialize,1
13:49:51,,initialize,1
13:49:51,,initialize,1
13:49:51,,initialize,1
13:49:52,,initialize,1
13:49:52,,initialize,1
13:49:52,,initialize,1
13:49:52,,initialize,1
13:49:52,,initialize,1
13:49:52,,initialize,1
13:49:52,,initialize,1
13:49:52,,initialize,1
13:49:52,,initialize,1
13:49:53,,initialize,1
13:49:53,,initialize,1
13:49:53,,initialize,1
13:49:53,,initialize,1
13:49:53,,initialize,1
13:49:53,,initialize,1
13:49:53,,initialize,1
13:49:53,,initialize,1
13:50:13,flow_pc_tcp,read,-314220
13:56:49,flow_tcp,read,-314220
14:17:43,flow_tcp,read,-314220
14:17:43,flow_recode,stop,-2501
14:19:03,flow_tcp,read,-314220
14:19:03,flow_recode,stop,-2501
14:21:10,flow_tcp,read,-314220
14:21:10,flow_recode,stop,-2501
14:21:19,flow_tcp,read,-314220
14:24:56,flow_tcp,read,-314220
14:25:57,flow_tcp,read,-314220
15:49:40,flow_tcp,read,-314220
15:49:40,flow_recode,stop,-2501
15:51:01,flow_tcp,read,-314220
15:51:01,flow_recode,stop,-2501
15:51:57,flow_tcp,read,-314220
15:52:09,flow_recode,stop,-2501
15:52:15,flow_recode,stop,-2501
15:56:01,flow_recode,stop,-2501
15:56:03,flow_pc_tcp,read,-314220
15:57:47,flow_tcp,read,-314220
15:57:47,flow_recode,stop,-2501
16:03:10,flow_pc_tcp,read,-314220
16:07:57,flow_tcp,read,-314220
16:07:57,flow_recode,stop,-2501
16:09:05,flow_tcp,read,-314220
16:09:05,flow_recode,stop,-2501
16:10:44,flow_tcp,read,-314220
16:16:59,flow_tcp,read,-314220
16:16:59,flow_recode,stop,-2501
16:19:12,flow_tcp,read,-314220
16:19:12,flow_recode,stop,-2501
16:19:24,flow_tcp,read,-314220
16:20:23,flow_tcp,read,-314220
16:20:23,flow_recode,stop,-2501
16:43:10,flow_tcp,read,-314220
16:43:10,flow_recode,stop,-2501
16:44:39,flow_tcp,read,-314220
16:44:39,flow_recode,stop,-2501
16:45:08,flow_tcp,read,-314220
